[ 2017-09-14T16:52:36+08:00 ] ::1 /QuantaRMS/home/RMS/publish/usename/20161003456/
INFO: [ app_init ] --START--
INFO: Run Behavior\BuildLiteBehavior [ RunTime:0.000034s ]
INFO: [ app_init ] --END-- [ RunTime:0.000622s ]
INFO: [ app_begin ] --START--
INFO: Run Behavior\ReadHtmlCacheBehavior [ RunTime:0.014659s ]
INFO: [ app_begin ] --END-- [ RunTime:0.014716s ]
INFO: [ app_end ] --START--
INFO: Run Behavior\ShowPageTraceBehavior [ RunTime:0.002084s ]
INFO: [ app_end ] --END-- [ RunTime:0.002136s ]

[ 2017-09-14T16:52:44+08:00 ] ::1 /QuantaRMS/home/RMS/home
INFO: [ app_init ] --START--
INFO: Run Behavior\BuildLiteBehavior [ RunTime:0.000008s ]
INFO: [ app_init ] --END-- [ RunTime:0.000358s ]
INFO: [ app_begin ] --START--
INFO: Run Behavior\ReadHtmlCacheBehavior [ RunTime:0.000594s ]
INFO: [ app_begin ] --END-- [ RunTime:0.000629s ]
INFO: [ app_end ] --START--
INFO: Run Behavior\ShowPageTraceBehavior [ RunTime:0.000645s ]
INFO: [ app_end ] --END-- [ RunTime:0.000679s ]

[ 2017-09-14T16:52:59+08:00 ] ::1 /QuantaRMS/home/login/text4/username/20161003456/password/15a5051016
INFO: [ app_init ] --START--
INFO: Run Behavior\BuildLiteBehavior [ RunTime:0.000009s ]
INFO: [ app_init ] --END-- [ RunTime:0.000338s ]
INFO: [ app_begin ] --START--
INFO: Run Behavior\ReadHtmlCacheBehavior [ RunTime:0.000483s ]
INFO: [ app_begin ] --END-- [ RunTime:0.000518s ]
NOTIC: [8] A session had already been started - ignoring session_start() E:\xampp\htdocs\QuantaRMS\ThinkPHP\Common\functions.php 第 1263 行.
SQL: SHOW COLUMNS FROM `zyglxt_user` [ RunTime:0.0425s ]
SQL: SELECT COUNT(*) AS tp_count FROM `zyglxt_user` WHERE `stud_number` = '20161003456' LIMIT 1   [ RunTime:0.0275s ]
SQL: SELECT `status` FROM `zyglxt_user` WHERE `stud_number` = '20161003456' LIMIT 1   [ RunTime:0.0006s ]
SQL: SELECT `department` FROM `zyglxt_user` WHERE `stud_number` = '20161003456' LIMIT 1   [ RunTime:0.0006s ]
SQL: SHOW COLUMNS FROM `zyglxt_article` [ RunTime:0.0253s ]
SQL: SELECT COUNT(*) AS tp_count FROM `zyglxt_article` WHERE `cata` = '研发部' LIMIT 1   [ RunTime:0.0005s ]
SQL: SELECT COUNT(*) AS tp_count FROM `zyglxt_article` WHERE `cata` = '运营部' LIMIT 1   [ RunTime:0.0004s ]
SQL: SELECT COUNT(*) AS tp_count FROM `zyglxt_article` WHERE `cata` = '设计部' LIMIT 1   [ RunTime:0.0004s ]
SQL: SELECT COUNT(*) AS tp_count FROM `zyglxt_article` LIMIT 1   [ RunTime:0.0003s ]
SQL: SELECT COUNT(*) AS tp_count FROM `zyglxt_article` WHERE `is_well` = 1 LIMIT 1   [ RunTime:0.0004s ]
SQL: SELECT `cata`,`article_id`,`article_title`,`abstract`,`author`,`view_times`,`pub_time`,`is_well` FROM `zyglxt_article` WHERE `cata` = '研发部' ORDER BY pub_time LIMIT 0,7   [ RunTime:0.0008s ]
SQL: SELECT `cata`,`article_id`,`article_title`,`abstract`,`author`,`view_times`,`pub_time`,`is_well` FROM `zyglxt_article` WHERE `cata` = '运营部' ORDER BY pub_time LIMIT 0,7   [ RunTime:0.0007s ]
SQL: SELECT `cata`,`article_id`,`article_title`,`abstract`,`author`,`view_times`,`pub_time`,`is_well` FROM `zyglxt_article` WHERE `cata` = '设计部' ORDER BY pub_time LIMIT 0,7   [ RunTime:0.0005s ]
SQL: SELECT `article_id`,`cata`,`article_title`,`abstract`,`author`,`view_times`,`pub_time`,`is_well` FROM `zyglxt_article` ORDER BY view_times LIMIT 0,5   [ RunTime:0.0006s ]
NOTIC: [2] Missing argument 2 for display_well(), called in E:\xampp\htdocs\QuantaRMS\Application\Home\Controller\LoginController.class.php on line 126 and defined E:\xampp\htdocs\QuantaRMS\Application\Common\Common\function.php 第 21 行.
NOTIC: [2] Missing argument 3 for display_well(), called in E:\xampp\htdocs\QuantaRMS\Application\Home\Controller\LoginController.class.php on line 126 and defined E:\xampp\htdocs\QuantaRMS\Application\Common\Common\function.php 第 21 行.
NOTIC: [8] Undefined variable: page E:\xampp\htdocs\QuantaRMS\Application\Common\Common\function.php 第 23 行.
NOTIC: [8] Undefined variable: num E:\xampp\htdocs\QuantaRMS\Application\Common\Common\function.php 第 23 行.
NOTIC: [8] Undefined variable: num E:\xampp\htdocs\QuantaRMS\Application\Common\Common\function.php 第 23 行.
SQL: SELECT `article_id`,`cata`,`article_title`,`abstract`,`author`,`view_times`,`pub_time`,`is_well` FROM `zyglxt_article` WHERE `is_well` = 1 ORDER BY 4  [ RunTime:0.0006s ]
INFO: [ app_end ] --START--
INFO: Run Behavior\ShowPageTraceBehavior [ RunTime:0.001038s ]
INFO: [ app_end ] --END-- [ RunTime:0.001100s ]

[ 2017-09-14T16:53:18+08:00 ] ::1 /QuantaRMS/home/RMS/publish/usename/20161003456/
INFO: [ app_init ] --START--
INFO: Run Behavior\BuildLiteBehavior [ RunTime:0.000013s ]
INFO: [ app_init ] --END-- [ RunTime:0.000364s ]
INFO: [ app_begin ] --START--
INFO: Run Behavior\ReadHtmlCacheBehavior [ RunTime:0.000681s ]
INFO: [ app_begin ] --END-- [ RunTime:0.000726s ]
SQL: SHOW COLUMNS FROM `zyglxt_article` [ RunTime:0.0294s ]
NOTIC: [2] fopen(./Public/blog/1578504498094122.xml): failed to open stream: No such file or directory E:\xampp\htdocs\QuantaRMS\Application\Home\Controller\RMSController.class.php 第 23 行.
NOTIC: [2] fwrite() expects parameter 1 to be resource, boolean given E:\xampp\htdocs\QuantaRMS\Application\Home\Controller\RMSController.class.php 第 24 行.
NOTIC: [2] fclose() expects parameter 1 to be resource, boolean given E:\xampp\htdocs\QuantaRMS\Application\Home\Controller\RMSController.class.php 第 25 行.
SQL: INSERT INTO `zyglxt_article` (`article_id`,`article_title`,`author`,`cata`,`abstract`,`stud_number`,`content`,`pub_time`,`view_times`) VALUES ('1578504498094122','','','','','','./Public/blog/1578504498094122.xml','1505379198','0') [ RunTime:0.2136s ]
INFO: [ app_end ] --START--
INFO: Run Behavior\ShowPageTraceBehavior [ RunTime:0.002070s ]
INFO: [ app_end ] --END-- [ RunTime:0.002170s ]

[ 2017-09-14T16:54:02+08:00 ] ::1 /QuantaRMS/home/RMS/publish/blog/chaian20kl++al
INFO: [ app_init ] --START--
INFO: Run Behavior\BuildLiteBehavior [ RunTime:0.000010s ]
INFO: [ app_init ] --END-- [ RunTime:0.000337s ]
INFO: [ app_begin ] --START--
INFO: Run Behavior\ReadHtmlCacheBehavior [ RunTime:0.000760s ]
INFO: [ app_begin ] --END-- [ RunTime:0.000822s ]
SQL: SHOW COLUMNS FROM `zyglxt_article` [ RunTime:0.0179s ]
NOTIC: [2] fopen(./Public/blog/1578504544661337.xml): failed to open stream: No such file or directory E:\xampp\htdocs\QuantaRMS\Application\Home\Controller\RMSController.class.php 第 23 行.
NOTIC: [2] fwrite() expects parameter 1 to be resource, boolean given E:\xampp\htdocs\QuantaRMS\Application\Home\Controller\RMSController.class.php 第 24 行.
NOTIC: [2] fclose() expects parameter 1 to be resource, boolean given E:\xampp\htdocs\QuantaRMS\Application\Home\Controller\RMSController.class.php 第 25 行.
SQL: INSERT INTO `zyglxt_article` (`article_id`,`article_title`,`author`,`cata`,`abstract`,`stud_number`,`content`,`pub_time`,`view_times`) VALUES ('1578504544661337','','','','','','./Public/blog/1578504544661337.xml','1505379242','0') [ RunTime:0.3174s ]
INFO: [ app_end ] --START--
INFO: Run Behavior\ShowPageTraceBehavior [ RunTime:0.000976s ]
INFO: [ app_end ] --END-- [ RunTime:0.001029s ]

[ 2017-09-14T16:55:15+08:00 ] ::1 /QuantaRMS/home/RMS/publish/blog/chaian20kl++al
INFO: [ app_init ] --START--
INFO: Run Behavior\BuildLiteBehavior [ RunTime:0.000024s ]
INFO: [ app_init ] --END-- [ RunTime:0.000549s ]
INFO: [ app_begin ] --START--
INFO: Run Behavior\ReadHtmlCacheBehavior [ RunTime:0.000597s ]
INFO: [ app_begin ] --END-- [ RunTime:0.000642s ]
SQL: SHOW COLUMNS FROM `zyglxt_article` [ RunTime:0.0177s ]
SQL: INSERT INTO `zyglxt_article` (`article_id`,`article_title`,`author`,`cata`,`abstract`,`stud_number`,`content`,`pub_time`,`view_times`) VALUES ('1578504621133629','','','','','','./Public/blog/1578504621133629.xml','1505379315','0') [ RunTime:0.0190s ]
INFO: [ app_end ] --START--
INFO: Run Behavior\ShowPageTraceBehavior [ RunTime:0.000729s ]
INFO: [ app_end ] --END-- [ RunTime:0.000768s ]

[ 2017-09-14T20:54:09+08:00 ] ::1 /QuantaRMS/index.php/home/RMS/upload
INFO: [ app_init ] --START--
INFO: Run Behavior\BuildLiteBehavior [ RunTime:0.000016s ]
INFO: [ app_init ] --END-- [ RunTime:0.013379s ]
INFO: [ app_begin ] --START--
INFO: Run Behavior\ReadHtmlCacheBehavior [ RunTime:0.016550s ]
INFO: [ app_begin ] --END-- [ RunTime:0.016604s ]
INFO: [ app_end ] --START--
INFO: Run Behavior\ShowPageTraceBehavior [ RunTime:0.009699s ]
INFO: [ app_end ] --END-- [ RunTime:0.009746s ]

