[ 2017-10-12T18:45:03+08:00 ] 127.0.0.1 /QuantaRMS/index.php/home/RMS/text4
INFO: [ app_init ] --START--
INFO: Run Behavior\BuildLiteBehavior [ RunTime:0.000063s ]
INFO: [ app_init ] --END-- [ RunTime:0.033995s ]
INFO: [ app_begin ] --START--
INFO: Run Behavior\ReadHtmlCacheBehavior [ RunTime:0.034548s ]
INFO: [ app_begin ] --END-- [ RunTime:0.034626s ]
ERR: 非法操作:text4

[ 2017-10-12T18:45:43+08:00 ] ::1 /QuantaRMS/index.php/home/login/text4/username/20161003456/password/15a5051016
INFO: [ app_init ] --START--
INFO: Run Behavior\BuildLiteBehavior [ RunTime:0.000029s ]
INFO: [ app_init ] --END-- [ RunTime:0.000851s ]
INFO: [ app_begin ] --START--
INFO: Run Behavior\ReadHtmlCacheBehavior [ RunTime:0.000488s ]
INFO: [ app_begin ] --END-- [ RunTime:0.000526s ]
NOTIC: [8] A session had already been started - ignoring session_start() E:\xampp\htdocs\QuantaRMS\ThinkPHP\Common\functions.php 第 1263 行.
SQL: SHOW COLUMNS FROM `zyglxt_user` [ RunTime:0.2622s ]
SQL: SELECT COUNT(*) AS tp_count FROM `zyglxt_user` WHERE `stud_number` = '20161003456' LIMIT 1   [ RunTime:0.0275s ]
SQL: SELECT `status` FROM `zyglxt_user` WHERE `stud_number` = '20161003456' LIMIT 1   [ RunTime:0.0006s ]
SQL: SELECT `department` FROM `zyglxt_user` WHERE `stud_number` = '20161003456' LIMIT 1   [ RunTime:0.0006s ]
SQL: SHOW COLUMNS FROM `zyglxt_article` [ RunTime:0.0411s ]
SQL: SELECT COUNT(*) AS tp_count FROM `zyglxt_article` WHERE `cata` = '研发部' LIMIT 1   [ RunTime:0.0008s ]
SQL: SELECT COUNT(*) AS tp_count FROM `zyglxt_article` WHERE `cata` = '运营部' LIMIT 1   [ RunTime:0.0006s ]
SQL: SELECT COUNT(*) AS tp_count FROM `zyglxt_article` WHERE `cata` = '设计部' LIMIT 1   [ RunTime:0.0006s ]
SQL: SELECT COUNT(*) AS tp_count FROM `zyglxt_article` LIMIT 1   [ RunTime:0.0005s ]
SQL: SELECT COUNT(*) AS tp_count FROM `zyglxt_article` WHERE `is_well` = 1 LIMIT 1   [ RunTime:0.0006s ]
SQL: SELECT `cata`,`article_id`,`article_title`,`abstract`,`author`,`view_times`,`pub_time`,`is_well` FROM `zyglxt_article` WHERE `cata` = '研发部' ORDER BY pub_time desc LIMIT 0,7   [ RunTime:0.0017s ]
SQL: SELECT `cata`,`article_id`,`article_title`,`abstract`,`author`,`view_times`,`pub_time`,`is_well` FROM `zyglxt_article` WHERE `cata` = '运营部' ORDER BY pub_time desc LIMIT 0,7   [ RunTime:0.0013s ]
SQL: SELECT `cata`,`article_id`,`article_title`,`abstract`,`author`,`view_times`,`pub_time`,`is_well` FROM `zyglxt_article` WHERE `cata` = '设计部' ORDER BY pub_time desc LIMIT 0,7   [ RunTime:0.0009s ]
NOTIC: [8] Undefined offset: 1 E:\xampp\htdocs\QuantaRMS\Application\Common\Common\function.php 第 7 行.
NOTIC: [8] Undefined offset: 2 E:\xampp\htdocs\QuantaRMS\Application\Common\Common\function.php 第 7 行.
NOTIC: [8] Undefined offset: 3 E:\xampp\htdocs\QuantaRMS\Application\Common\Common\function.php 第 7 行.
NOTIC: [8] Undefined offset: 4 E:\xampp\htdocs\QuantaRMS\Application\Common\Common\function.php 第 7 行.
NOTIC: [8] Undefined offset: 5 E:\xampp\htdocs\QuantaRMS\Application\Common\Common\function.php 第 7 行.
NOTIC: [8] Undefined offset: 6 E:\xampp\htdocs\QuantaRMS\Application\Common\Common\function.php 第 7 行.
SQL: SELECT `article_id`,`cata`,`article_title`,`abstract`,`author`,`view_times`,`pub_time`,`is_well` FROM `zyglxt_article` ORDER BY view_times desc LIMIT 0,5   [ RunTime:0.0009s ]
NOTIC: [2] Missing argument 2 for display_well(), called in E:\xampp\htdocs\QuantaRMS\Application\Home\Controller\LoginController.class.php on line 153 and defined E:\xampp\htdocs\QuantaRMS\Application\Common\Common\function.php 第 29 行.
NOTIC: [2] Missing argument 3 for display_well(), called in E:\xampp\htdocs\QuantaRMS\Application\Home\Controller\LoginController.class.php on line 153 and defined E:\xampp\htdocs\QuantaRMS\Application\Common\Common\function.php 第 29 行.
NOTIC: [8] Undefined variable: page E:\xampp\htdocs\QuantaRMS\Application\Common\Common\function.php 第 31 行.
NOTIC: [8] Undefined variable: num E:\xampp\htdocs\QuantaRMS\Application\Common\Common\function.php 第 31 行.
NOTIC: [8] Undefined variable: num E:\xampp\htdocs\QuantaRMS\Application\Common\Common\function.php 第 31 行.
SQL: SELECT `article_id`,`cata`,`article_title`,`abstract`,`author`,`view_times`,`pub_time`,`is_well` FROM `zyglxt_article` WHERE `is_well` = 1 ORDER BY 4 desc  [ RunTime:0.0010s ]
NOTIC: [8] Undefined variable: num E:\xampp\htdocs\QuantaRMS\Application\Common\Common\function.php 第 33 行.
INFO: [ app_end ] --START--
INFO: Run Behavior\ShowPageTraceBehavior [ RunTime:0.047104s ]
INFO: [ app_end ] --END-- [ RunTime:0.047226s ]

[ 2017-10-12T18:45:56+08:00 ] ::1 /QuantaRMS/index.php/home/RMS/draft/
INFO: [ app_init ] --START--
INFO: Run Behavior\BuildLiteBehavior [ RunTime:0.000025s ]
INFO: [ app_init ] --END-- [ RunTime:0.001031s ]
INFO: [ app_begin ] --START--
INFO: Run Behavior\ReadHtmlCacheBehavior [ RunTime:0.001479s ]
INFO: [ app_begin ] --END-- [ RunTime:0.001586s ]
SQL: SHOW COLUMNS FROM `zyglxt_draft` [ RunTime:0.1073s ]
NOTIC: [2] fopen(./Public/draft/1581048300074850.txt): failed to open stream: No such file or directory E:\xampp\htdocs\QuantaRMS\Application\Home\Controller\RMSController.class.php 第 513 行.
NOTIC: [2] fwrite() expects parameter 1 to be resource, boolean given E:\xampp\htdocs\QuantaRMS\Application\Home\Controller\RMSController.class.php 第 514 行.
NOTIC: [2] fclose() expects parameter 1 to be resource, boolean given E:\xampp\htdocs\QuantaRMS\Application\Home\Controller\RMSController.class.php 第 515 行.
SQL: INSERT INTO `zyglxt_draft` (`draft_id`,`draft_title`,`cata`,`stud_number`,`content`,`pub_time`) VALUES ('1581048300074850','','','0','./Public/draft/1581048300074850.txt','1507805156') [ RunTime:0.0684s ]
NOTIC: [2] Cannot use a scalar value as an array E:\xampp\htdocs\QuantaRMS\Application\Home\Controller\RMSController.class.php 第 521 行.
INFO: [ app_end ] --START--
INFO: Run Behavior\ShowPageTraceBehavior [ RunTime:0.001700s ]
INFO: [ app_end ] --END-- [ RunTime:0.001799s ]

